Cadence Genus(TM) Synthesis Solution.
Copyright 2021 Cadence Design Systems, Inc. All rights reserved worldwide.
Cadence and the Cadence logo are registered trademarks and Genus is a trademark
of Cadence Design Systems, Inc. in the United States and other countries.

Version: 20.11-s111_1, built Mon Apr 26 02:27:38 PDT 2021
Options: 
Date:    Tue Jul 16 14:52:05 2024
Host:    cadencesys8 (x86_64 w/Linux 3.10.0-1160.el7.x86_64) (8cores*16cpus*1physical cpu*Intel(R) Core(TM) i7-10700 CPU @ 2.90GHz 16384KB) (16202968KB)
PID:     4314
OS:      Red Hat Enterprise Linux Server release 7.9 (Maipo)

Checking out license: Genus_Synthesis


***********************************************************************************************************
***********************************************************************************************************



Loading tool scripts...
Finished loading tool scripts (7 seconds elapsed).

WARNING: This version of the tool is 1176 days old.
@genus:root: 1> source console.tcl
Sourcing './console.tcl' (Tue Jul 16 15:32:32 IST 2024)...
#@ Begin verbose source ./console.tcl
@file(console.tcl) 1: set_db init_lib_search_path /home/installs/FOUNDRY/digital/90nm/dig/lib  
  Setting attribute of root '/': 'init_lib_search_path' = /home/installs/FOUNDRY/digital/90nm/dig/lib
@file(console.tcl) 2: set_db hdl_search_path /home/cadence/Desktop/sram/64-bit_SRAM
Warning : This attribute will be obsolete in a next major release. [TUI-32]
        : attribute: 'hdl_search_path', object type: 'root'
        : Attribute 'hdl_search_path' is going to be obsoleted, use the new attribute 'init_hdl_search_path'.
  Setting attribute of root '/': 'hdl_search_path' = /home/cadence/Desktop/sram/64-bit_SRAM
@file(console.tcl) 3: set_db library slow.lib

Threads Configured:3

  Message Summary for Library slow.lib:
  *************************************
  Missing a function attribute in the output pin definition. [LBR-518]: 1
  Missing library level attribute. [LBR-516]: 1
  *************************************
 
Info    : Created nominal operating condition. [LBR-412]
        : Operating condition '_nominal_' was created for the PVT values (1.000000, 0.900000, 125.000000) in library 'slow.lib'.
        : The nominal operating condition is represented, either by the nominal PVT values specified in the library source (via nom_process,nom_voltage and nom_temperature respectively), or by the default PVT values (1.0,1.0,1.0).
  Setting attribute of root '/': 'library' = slow.lib
@file(console.tcl) 4: read_hdl 64_bit_SRAM.v
@file(console.tcl) 5: elaborate
  Library has 324 usable logic and 128 usable sequential lib-cells.
Info    : Elaborating Design. [ELAB-1]
        : Elaborating top-level block 'sram_64bit' from file '/home/cadence/Desktop/sram/64-bit_SRAM/64_bit_SRAM.v'.
Info    : Done Elaborating Design. [ELAB-3]
        : Done elaborating 'sram_64bit'.
Checking for analog nets...
Check completed for analog nets.
Checking for source RTL...
Check completed for source RTL.
Running Unified Mux Engine Tricks...
Completed Unified Mux Engine Tricks
--------------------------------------------------------
| Trick             | Accepts | Rejects | Runtime (ms) | 
--------------------------------------------------------
| ume_constant_bmux |       0 |       0 |         0.00 | 
--------------------------------------------------------
Starting clip mux common data inputs [v1.0] (stage: post_elab, startdef: sram_64bit, recur: true)
Completed clip mux common data inputs (accepts: 0, rejects: 0, runtime: 0.000s)
Starting clip the non-user hierarchies [v2.0] (stage: post_elab, startdef: sram_64bit, recur: true)
Completed clip the non-user hierarchies (accepts: 0, rejects: 0, runtime: 0.000s)
UM:   flow.cputime  flow.realtime  timing.setup.tns  timing.setup.wns  snapshot
UM:*                                                                   elaborate
@file(console.tcl) 6: read_sdc /home/cadence/Desktop/sram/64-bit_SRAM/constrains.sdc
Warning : Unsupported SDC command option. [SDC-201] [set_input_delay]
        : The 'set_input_delay' command on line '6' in the SDC file '/home/cadence/Desktop/sram/64-bit_SRAM/constrains.sdc' is not supported on ports which have a clock already defined 'port:sram_64bit/clk'.
        : The current version does not support this SDC command option.  However, future versions may be enhanced to support this option.
Warning : Could not find requested search value. [SDC-208] [get_ports]
        : The 'get_ports' command on line '7' of the SDC file '/home/cadence/Desktop/sram/64-bit_SRAM/constrains.sdc'  cannot find any ports named 'rst'
        : Use get_* commands to find the objects along with a wild card entry in the name of the object to check if the object is existing with different naming style.
Error   : A required object parameter could not be found. [TUI-61] [parse_options]
        : An object of type 'port|pin|hpin|port_bus' named '' could not be found.
        : Check to make sure that the object exists and is of the correct type.  The 'what_is' command can be used to determine the type of an object.
Error   : Could not interpret SDC command. [SDC-202] [read_sdc]
        : The 'read_sdc' command encountered an error while processing this command on line '7' of the SDC file '/home/cadence/Desktop/sram/64-bit_SRAM/constrains.sdc': set_input_delay -max 0.8 [get_ports 'rst'] -clock [get_clocks 'clk'].
        : The 'read_sdc' command encountered a problem while trying to evaluate an SDC command. This SDC command will be added to the Tcl variable $::dc::sdc_failed_commands.
Warning : Could not find requested search value. [SDC-208] [get_ports]
        : The 'get_ports' command on line '8' of the SDC file '/home/cadence/Desktop/sram/64-bit_SRAM/constrains.sdc'  cannot find any ports named 'count'
Error   : A required object parameter could not be found. [TUI-61] [parse_options]
        : An object of type 'port|pin|hpin|port_bus' named '' could not be found.
Error   : Could not interpret SDC command. [SDC-202] [read_sdc]
        : The 'read_sdc' command encountered an error while processing this command on line '8' of the SDC file '/home/cadence/Desktop/sram/64-bit_SRAM/constrains.sdc': set_output_delay -max 0.8 [get_ports 'count'] -clock [get_clocks 'clk'].
Statistics for commands executed by read_sdc:
 "all_inputs"               - successful      1 , failed      0 (runtime  0.00)
 "all_outputs"              - successful      1 , failed      0 (runtime  0.00)
 "create_clock"             - successful      1 , failed      0 (runtime  0.00)
 "current_design"           - successful      1 , failed      0 (runtime  0.00)
 "get_clocks"               - successful      5 , failed      0 (runtime  0.00)
 "get_ports"                - successful      3 , failed      2 (runtime  0.00)
 "set_clock_transition"     - successful      2 , failed      0 (runtime  0.00)
 "set_clock_uncertainty"    - successful      1 , failed      0 (runtime  0.00)
 "set_input_delay"          - successful      1 , failed      1 (runtime  0.00)
 "set_input_transition"     - successful      1 , failed      0 (runtime  0.00)
 "set_load"                 - successful      1 , failed      0 (runtime  0.00)
 "set_max_fanout"           - successful      1 , failed      0 (runtime  0.00)
 "set_output_delay"         - successful      0 , failed      1 (runtime  0.00)
Warning : Total failed commands during read_sdc are 4
Warning : One or more commands failed when these constraints were applied. [SDC-209]
        : The 'read_sdc' command encountered a problem while processing commands.
        : You can examine the failed commands or save them to a file by querying the Tcl variable $::dc::sdc_failed_commands.
read_sdc completed in 00:00:00 (hh:mm:ss)
@file(console.tcl) 7: set_db syn_generic_effort medium
  Setting attribute of root '/': 'syn_generic_effort' = medium
@file(console.tcl) 8: syn_generic
##Generic Timing Info for library domain: _default_ typical gate delay: 127.0 ps std_slew: 15.5 ps std_load: 7.0 fF
Starting mux data reorder optimization [v1.0] (stage: pre_to_gen_setup, startdef: sram_64bit, recur: true)
Completed mux data reorder optimization (accepts: 0, rejects: 0, runtime: 0.000s)
Info    : Synthesizing. [SYNTH-1]
        : Synthesizing 'sram_64bit' to generic gates using 'medium' effort.
PBS_Generic-Start - Elapsed_Time 0, CPU_Time 0.0
stamp 'PBS_Generic-Start' being created for table 'pbs_debug'

  Total Time (Wall) |  Stage Time (Wall)  |   % (Wall)   |    Date - Time     |  Memory   | Stage
--------------------+---------------------+--------------+--------------------+-----------+----------------------
 00:01:21(00:40:24) |  00:00:00(00:00:00) |   0.0(  0.0) |   15:32:33 (Jul16) |  351.9 MB | PBS_Generic-Start
--------------------+---------------------+--------------+--------------------+-----------+----------------------
Number of threads: 8 * 1   (id: pbs_debug, time_info v1.57)
Info: (*N*) indicates data that was populated from previously saved time_info database
Info: CPU time includes time of parent + longest thread
TNS Restructuring config: no_value at stage: generic applied.
Info    : Partition Based Synthesis execution skipped. [PHYS-752]
        : Design size is less than the partition size '100000' for distributed generic optimization to kick in.
Starting mux data reorder optimization [v1.0] (stage: pre_to_gen_setup, startdef: sram_64bit, recur: true)
Completed mux data reorder optimization (accepts: 0, rejects: 0, runtime: 0.004s)
Starting mux data reorder optimization [v1.0] (stage: post_to_gen_setup, startdef: sram_64bit, recur: true)
Completed mux data reorder optimization (accepts: 0, rejects: 0, runtime: 0.001s)
Running Unified Mux Engine Tricks...
Completed Unified Mux Engine Tricks
--------------------------------------------
| Trick | Accepts | Rejects | Runtime (ms) | 
--------------------------------------------
--------------------------------------------
Starting infer macro optimization [v1.0] (stage: pre_rtlopt, startdef: sram_64bit, recur: true)
Completed infer macro optimization (accepts: 0, rejects: 0, runtime: 0.006s)
Starting decode mux sandwich optimization [v2.0] (stage: pre_rtlopt, startdef: sram_64bit, recur: true)
Completed decode mux sandwich optimization (accepts: 0, rejects: 0, runtime: 0.000s)
Starting decode mux optimization [v1.0] (stage: pre_rtlopt, startdef: sram_64bit, recur: true)
Completed decode mux optimization (accepts: 0, rejects: 0, runtime: 0.000s)
Starting chop wide muxes [v1.0] (stage: pre_rtlopt, startdef: sram_64bit, recur: true)
Completed chop wide muxes (accepts: 0, rejects: 0, runtime: 0.000s)
Starting common data mux cascade opt [v1.0] (stage: pre_rtlopt, startdef: sram_64bit, recur: true)
Completed common data mux cascade opt (accepts: 0, rejects: 0, runtime: 0.001s)
Starting mux input consolidation [v1.0] (stage: pre_rtlopt, startdef: sram_64bit, recur: true)
Completed mux input consolidation (accepts: 0, rejects: 0, runtime: 0.001s)
Starting priority mux optimization [v1.0] (stage: pre_rtlopt, startdef: sram_64bit, recur: true)
Completed priority mux optimization (accepts: 0, rejects: 0, runtime: 0.281s)
Starting constant-data mux optimization [v1.0] (stage: pre_rtlopt, startdef: sram_64bit, recur: true)
Completed constant-data mux optimization (accepts: 0, rejects: 0, runtime: 0.000s)
Starting chain-to-tree inequality transform [v2.0] (stage: pre_rtlopt, startdef: sram_64bit, recur: true)
Completed chain-to-tree inequality transform (accepts: 0, rejects: 0, runtime: 0.007s)
Starting reconvergence optimization [v1.0] (stage: pre_rtlopt, startdef: sram_64bit, recur: true)
Completed reconvergence optimization (accepts: 0, rejects: 0, runtime: 0.000s)
Starting logic restructure optimization [v1.0] (stage: pre_rtlopt, startdef: sram_64bit, recur: true)
Completed logic restructure optimization (accepts: 0, rejects: 0, runtime: 0.002s)
Starting common select mux optimization [v1.0] (stage: pre_rtlopt, startdef: sram_64bit, recur: true)
Completed common select mux optimization (accepts: 0, rejects: 0, runtime: 0.000s)
Starting identity transform [v3.0] (stage: pre_rtlopt, startdef: sram_64bit, recur: true)
Completed identity transform (accepts: 0, rejects: 0, runtime: 0.001s)
Starting reduce operator chain [v1.0] (stage: pre_rtlopt, startdef: sram_64bit, recur: true)
Completed reduce operator chain (accepts: 0, rejects: 0, runtime: 0.000s)
Starting common data mux cascade opt [v1.0] (stage: pre_rtlopt, startdef: sram_64bit, recur: true)
Completed common data mux cascade opt (accepts: 0, rejects: 0, runtime: 0.000s)
Starting mux input consolidation [v1.0] (stage: pre_rtlopt, startdef: sram_64bit, recur: true)
Completed mux input consolidation (accepts: 0, rejects: 0, runtime: 0.001s)
Starting optimize datapath elements [v1.0] (stage: pre_rtlopt, startdef: sram_64bit, recur: true)
Completed optimize datapath elements (accepts: 0, rejects: 0, runtime: 0.000s)
Starting clip mux common data inputs [v1.0] (stage: pre_rtlopt, startdef: sram_64bit, recur: true)
Completed clip mux common data inputs (accepts: 0, rejects: 0, runtime: 0.000s)
Starting clip the non-user hierarchies [v2.0] (stage: pre_rtlopt, startdef: sram_64bit, recur: true)
Completed clip the non-user hierarchies (accepts: 0, rejects: 0, runtime: 0.000s)
Running Unified Mux Engine Tricks...
Completed Unified Mux Engine Tricks
--------------------------------------------
| Trick | Accepts | Rejects | Runtime (ms) | 
--------------------------------------------
--------------------------------------------
Number of big hc bmuxes before = 1
Info    : Pre-processed datapath logic. [DPOPT-6]
        : No pre-processing optimizations applied to datapath logic in 'sram_64bit'.
Info    : Skipping datapath optimization. [DPOPT-5]
        : There is no datapath logic in 'sram_64bit'.
Number of big hc bmuxes after = 1
Starting logic reduction [v1.0] (stage: post_rtlopt, startdef: sram_64bit, recur: true)
Completed logic reduction (accepts: 0, rejects: 0, runtime: 0.000s)
Starting mux data reorder optimization [v1.0] (stage: post_rtlopt, startdef: sram_64bit, recur: true)
Completed mux data reorder optimization (accepts: 0, rejects: 0, runtime: 0.000s)
Starting mux speculation [v1.0] (stage: post_muxopt, startdef: sram_64bit, recur: true)
Starting speculation optimization
Completed speculation optimization (accepts:0)
Completed mux speculation (accepts: 0, rejects: 0, runtime: 0.251s)
==================================
Stage : to_generic 
==================================
  =================
   Message Summary
  =================
--------------------------------------------------------------------------------
|    Id    |  Sev   |Count |                   Message Text                    |
--------------------------------------------------------------------------------
| CDFG-250 |Info    |    1 |Processing multi-dimensional arrays.               |
| DPOPT-5  |Info    |    1 |Skipping datapath optimization.                    |
| DPOPT-6  |Info    |    1 |Pre-processed datapath logic.                      |
| ELAB-1   |Info    |    1 |Elaborating Design.                                |
| ELAB-3   |Info    |    1 |Done Elaborating Design.                           |
| LBR-41   |Info    |    1 |An output library pin lacks a function attribute.  |
|          |        |      |If the remainder of this library cell's semantic   |
|          |        |      | checks are successful, it will be considered as a |
|          |        |      | timing-model                                      |
|          |        |      | (because one of its outputs does not have a valid |
|          |        |      | function.                                         |
| LBR-155  |Info    |  372 |Mismatch in unateness between 'timing_sense'       |
|          |        |      | attribute and the function.                       |
|          |        |      |The 'timing_sense' attribute will be respected.    |
| LBR-161  |Info    |    1 |Setting the maximum print count of this message to |
|          |        |      | 10 if information_level is less than 9.           |
| LBR-162  |Info    |  124 |Both 'pos_unate' and 'neg_unate' timing_sense arcs |
|          |        |      | have been processed.                              |
|          |        |      |Setting the 'timing_sense' to non_unate.           |
| LBR-170  |Info    |   32 |Ignoring specified timing sense.                   |
|          |        |      |Timing sense should never be set with              |
|          |        |      | 'rising_edge' or 'falling_edge' timing type.      |
| LBR-412  |Info    |    1 |Created nominal operating condition.               |
|          |        |      |The nominal operating condition is represented,    |
|          |        |      | either by the nominal PVT values specified in the |
|          |        |      | library source                                    |
|          |        |      | (via nom_process,nom_voltage and nom_temperature  |
|          |        |      | respectively)                                     |
|          |        |      | , or by the default PVT values (1.0,1.0,1.0).     |
| LBR-516  |Info    |    1 |Missing library level attribute.                   |
| LBR-518  |Info    |    1 |Missing a function attribute in the output pin     |
|          |        |      | definition.                                       |
| PHYS-752 |Info    |    1 |Partition Based Synthesis execution skipped.       |
| SDC-201  |Warning |    1 |Unsupported SDC command option.                    |
|          |        |      |The current version does not support this SDC      |
|          |        |      | command option.  However, future versions may be  |
|          |        |      | enhanced to support this option.                  |
| SDC-202  |Error   |    2 |Could not interpret SDC command.                   |
|          |        |      |The 'read_sdc' command encountered a problem while |
|          |        |      | trying to evaluate an SDC command. This SDC       |
|          |        |      | command will be added to the Tcl variable         |
|          |        |      | $::dc::sdc_failed_commands.                       |
| SDC-208  |Warning |    2 |Could not find requested search value.             |
|          |        |      |Use get_* commands to find the objects along with  |
|          |        |      | a wild card entry in the name of the object to    |
|          |        |      | check if the object is existing with different    |
|          |        |      | naming style.                                     |
| SDC-209  |Warning |    1 |One or more commands failed when these constraints |
|          |        |      | were applied.                                     |
|          |        |      |You can examine the failed commands or save them   |
|          |        |      | to a file by querying the Tcl variable            |
|          |        |      | $::dc::sdc_failed_commands.                       |
| SYNTH-1  |Info    |    1 |Synthesizing.                                      |
| TIM-1000 |Info    |    1 |Multimode clock gating check is disabled.          |
| TUI-32   |Warning |    1 |This attribute will be obsolete in a next major    |
|          |        |      | release.                                          |
| TUI-61   |Error   |    2 |A required object parameter could not be found.    |
|          |        |      |Check to make sure that the object exists and is   |
|          |        |      | of the correct type.  The 'what_is' command can   |
|          |        |      | be used to determine the type of an object.       |
--------------------------------------------------------------------------------
Mapper: Libraries have:
	domain _default_: 324 combo usable cells and 128 sequential usable cells
Multi-threaded constant propagation [1|0] ...
new_area=48590311110  new_slack=417.50  new_is_better=0
Multi-threaded Virtual Mapping    (8 threads per ST process, 8 of 16 CPUs usable)
 
Global mapping target info
==========================
Cost Group 'clk' target slack:    59 ps
Target path end-point (Pin: dout_reg[63]/d)


State Retention Synthesis Status
================================

Category                        Flops   Percentage
--------------------------------------------------
Total instances                  4160        100.0
Excluded from State Retention    4160        100.0
    - Will not convert           4160        100.0
      - Preserved                   0          0.0
      - Power intent excluded    4160        100.0
    - Could not convert             0          0.0
      - Scan type                   0          0.0
      - No suitable cell            0          0.0
State Retention instances           0          0.0
--------------------------------------------------

PBS_Generic_Opt-Post - Elapsed_Time 15, CPU_Time 15.731899000000027
stamp 'PBS_Generic_Opt-Post' being created for table 'pbs_debug'

  Total Time (Wall) |  Stage Time (Wall)  |   % (Wall)   |    Date - Time     |  Memory   | Stage
--------------------+---------------------+--------------+--------------------+-----------+----------------------
 00:01:21(00:40:24) |  00:00:00(00:00:00) |   0.0(  0.0) |   15:32:33 (Jul16) |  351.9 MB | PBS_Generic-Start
--------------------+---------------------+--------------+--------------------+-----------+----------------------
 00:01:36(00:40:39) |  00:00:15(00:00:15) | 100.0(100.0) |   15:32:48 (Jul16) |  650.9 MB | PBS_Generic_Opt-Post
--------------------+---------------------+--------------+--------------------+-----------+----------------------
Number of threads: 8 * 1   (id: pbs_debug, time_info v1.57)
Info: (*N*) indicates data that was populated from previously saved time_info database
Info: CPU time includes time of parent + longest thread
PBS_Generic-Postgen HBO Optimizations - Elapsed_Time 0, CPU_Time 0.0
stamp 'PBS_Generic-Postgen HBO Optimizations' being created for table 'pbs_debug'

  Total Time (Wall) |  Stage Time (Wall)  |   % (Wall)   |    Date - Time     |  Memory   | Stage
--------------------+---------------------+--------------+--------------------+-----------+----------------------
 00:01:21(00:40:24) |  00:00:00(00:00:00) |   0.0(  0.0) |   15:32:33 (Jul16) |  351.9 MB | PBS_Generic-Start
--------------------+---------------------+--------------+--------------------+-----------+----------------------
 00:01:36(00:40:39) |  00:00:15(00:00:15) | 100.0(100.0) |   15:32:48 (Jul16) |  650.9 MB | PBS_Generic_Opt-Post
--------------------+---------------------+--------------+--------------------+-----------+----------------------
 00:01:36(00:40:39) |  00:00:00(00:00:00) |   0.0(  0.0) |   15:32:48 (Jul16) |  650.9 MB | PBS_Generic-Postgen HBO Optimizations
--------------------+---------------------+--------------+--------------------+-----------+----------------------
Number of threads: 8 * 1   (id: pbs_debug, time_info v1.57)
Info: (*N*) indicates data that was populated from previously saved time_info database
Info: CPU time includes time of parent + longest thread
##>=================== Cadence Confidential (Generic-Logical) ===================
##>=================== Cadence Confidential (Generic-Logical) ===================
##>Main Thread Summary:
##>----------------------------------------------------------------------------------------
##>STEP                           Elapsed       WNS       TNS     Insts      Area    Memory
##>----------------------------------------------------------------------------------------
##>G:Initial                            0         -         -      4443    143852       351
##>G:Setup                              0         -         -         -         -         -
##>G:Launch ST                          0         -         -         -         -         -
##>G:Design Partition                   0         -         -         -         -         -
##>G:Create Partition Netlists          0         -         -         -         -         -
##>G:Init Power                         0         -         -         -         -         -
##>G:Budgeting                          0         -         -         -         -         -
##>G:Derenv-DB                          0         -         -         -         -         -
##>G:Debug Outputs                      0         -         -         -         -         -
##>G:ST loading                         0         -         -         -         -         -
##>G:Distributed                        0         -         -         -         -         -
##>G:Timer                              0         -         -         -         -         -
##>G:Assembly                           0         -         -         -         -         -
##>G:DFT                                0         -         -         -         -         -
##>G:Const Prop                         0         -         -     12604    175501       650
##>G:Misc                              15
##>----------------------------------------------------------------------------------------
##>Total Elapsed                       15
##>========================================================================================
Info    : Done synthesizing. [SYNTH-2]
        : Done synthesizing 'sram_64bit' to generic gates.
      flow.cputime  flow.realtime  timing.setup.tns  timing.setup.wns  snapshot
UM:*                                                                   syn_gen
@file(console.tcl) 9: set_db syn_map_effort medium
  Setting attribute of root '/': 'syn_map_effort' = medium
@file(console.tcl) 10: syn_map
##Generic Timing Info for library domain: _default_ typical gate delay: 127.0 ps std_slew: 15.5 ps std_load: 7.0 fF
Info    : Mapping. [SYNTH-4]
        : Mapping 'sram_64bit' using 'medium' effort.
Mapper: Libraries have:
	domain _default_: 324 combo usable cells and 128 sequential usable cells
Configuring mapper costing (none)
TNS Restructuring config: no_value at stage: map applied.
PBS_TechMap-Start - Elapsed_Time 0, CPU_Time 0.0
stamp 'PBS_TechMap-Start' being created for table 'pbs_debug'

  Total Time (Wall) |  Stage Time (Wall)  |   % (Wall)   |    Date - Time     |  Memory   | Stage
--------------------+---------------------+--------------+--------------------+-----------+----------------------
 00:01:21(00:40:24) |  00:00:00(00:00:00) |   0.0(  0.0) |   15:32:33 (Jul16) |  351.9 MB | PBS_Generic-Start
--------------------+---------------------+--------------+--------------------+-----------+----------------------
 00:01:36(00:40:39) |  00:00:15(00:00:15) | 100.0(100.0) |   15:32:48 (Jul16) |  650.9 MB | PBS_Generic_Opt-Post
--------------------+---------------------+--------------+--------------------+-----------+----------------------
 00:01:36(00:40:39) |  00:00:00(00:00:00) |   0.0(  0.0) |   15:32:48 (Jul16) |  650.9 MB | PBS_Generic-Postgen HBO Optimizations
--------------------+---------------------+--------------+--------------------+-----------+----------------------
 00:01:36(00:40:39) |  00:00:00(00:00:00) |   0.0(  0.0) |   15:32:48 (Jul16) |  650.9 MB | PBS_TechMap-Start
--------------------+---------------------+--------------+--------------------+-----------+----------------------
Number of threads: 8 * 1   (id: pbs_debug, time_info v1.57)
Info: (*N*) indicates data that was populated from previously saved time_info database
Info: CPU time includes time of parent + longest thread
PBS_TechMap-Premap HBO Optimizations - Elapsed_Time 0, CPU_Time 0.0
stamp 'PBS_TechMap-Premap HBO Optimizations' being created for table 'pbs_debug'

  Total Time (Wall) |  Stage Time (Wall)  |   % (Wall)   |    Date - Time     |  Memory   | Stage
--------------------+---------------------+--------------+--------------------+-----------+----------------------
 00:01:21(00:40:24) |  00:00:00(00:00:00) |   0.0(  0.0) |   15:32:33 (Jul16) |  351.9 MB | PBS_Generic-Start
--------------------+---------------------+--------------+--------------------+-----------+----------------------
 00:01:36(00:40:39) |  00:00:15(00:00:15) | 100.0(100.0) |   15:32:48 (Jul16) |  650.9 MB | PBS_Generic_Opt-Post
--------------------+---------------------+--------------+--------------------+-----------+----------------------
 00:01:36(00:40:39) |  00:00:00(00:00:00) |   0.0(  0.0) |   15:32:48 (Jul16) |  650.9 MB | PBS_Generic-Postgen HBO Optimizations
--------------------+---------------------+--------------+--------------------+-----------+----------------------
 00:01:36(00:40:39) |  00:00:00(00:00:00) |   0.0(  0.0) |   15:32:48 (Jul16) |  650.9 MB | PBS_TechMap-Start
--------------------+---------------------+--------------+--------------------+-----------+----------------------
 00:01:36(00:40:39) |  00:00:00(00:00:00) |   0.0(  0.0) |   15:32:48 (Jul16) |  650.9 MB | PBS_TechMap-Premap HBO Optimizations
--------------------+---------------------+--------------+--------------------+-----------+----------------------
Number of threads: 8 * 1   (id: pbs_debug, time_info v1.57)
Info: (*N*) indicates data that was populated from previously saved time_info database
Info: CPU time includes time of parent + longest thread
Info    : Partition Based Synthesis execution skipped. [PHYS-752]
        : Design size is less than the partition size '100000' for distributed mapping optimization to kick in.
Mapper: Libraries have:
	domain _default_: 324 combo usable cells and 128 sequential usable cells
new_area=48590311110  new_slack=417.50  new_is_better=1
Multi-threaded Virtual Mapping    (8 threads per ST process, 8 of 16 CPUs usable)
==================================
Stage : first_condense 
==================================
  =================
   Message Summary
  =================
-----------------------------------------------------------------------
|    Id    |Sev  |Count |                Message Text                 |
-----------------------------------------------------------------------
| PHYS-752 |Info |    1 |Partition Based Synthesis execution skipped. |
| SYNTH-2  |Info |    1 |Done synthesizing.                           |
| SYNTH-4  |Info |    1 |Mapping.                                     |
-----------------------------------------------------------------------
 
Global mapping target info
==========================
Cost Group 'clk' target slack:    56 ps
Target path end-point (Pin: dout_reg[63]/d)

Multi-threaded Virtual Mapping    (8 threads per ST process, 8 of 16 CPUs usable)
Multi-threaded Technology Mapping (8 threads per ST process, 8 of 16 CPUs usable)
 
Global mapping status
=====================
                                   Group   
                                  Tot Wrst 
                           Total  Weighted 
Operation                   Area   Slacks  
 global_map               111335        0 

    Cost Group            Target    Slack    Diff.  Constr.
-----------------------------------------------------------
           clk                56      666              2000 

 
Global incremental target info
==============================
Cost Group 'clk' target slack:    35 ps
Target path end-point (Pin: dout_reg[62]/D (SDFFQX4/D))

 
Global incremental optimization status
======================================
                                   Group   
                                  Tot Wrst 
                           Total  Weighted 
Operation                   Area   Slacks  
 global_incr              110098        0 

    Cost Group            Target    Slack    Diff.  Constr.
-----------------------------------------------------------
           clk                35      693              2000 


State Retention Synthesis Status
================================

Category                        Flops   Percentage
--------------------------------------------------
Total instances                  4160        100.0
Excluded from State Retention    4160        100.0
    - Will not convert           4160        100.0
      - Preserved                   0          0.0
      - Power intent excluded    4160        100.0
    - Could not convert             0          0.0
      - Scan type                   0          0.0
      - No suitable cell            0          0.0
State Retention instances           0          0.0
--------------------------------------------------

INFO: skipping constant propagation
PBS_Techmap-Global Mapping - Elapsed_Time 51, CPU_Time 52.241461999999984
stamp 'PBS_Techmap-Global Mapping' being created for table 'pbs_debug'

  Total Time (Wall) |  Stage Time (Wall)  |   % (Wall)   |    Date - Time     |  Memory   | Stage
--------------------+---------------------+--------------+--------------------+-----------+----------------------
 00:01:21(00:40:24) |  00:00:00(00:00:00) |   0.0(  0.0) |   15:32:33 (Jul16) |  351.9 MB | PBS_Generic-Start
--------------------+---------------------+--------------+--------------------+-----------+----------------------
 00:01:36(00:40:39) |  00:00:15(00:00:15) |  23.1( 22.7) |   15:32:48 (Jul16) |  650.9 MB | PBS_Generic_Opt-Post
--------------------+---------------------+--------------+--------------------+-----------+----------------------
 00:01:36(00:40:39) |  00:00:00(00:00:00) |   0.0(  0.0) |   15:32:48 (Jul16) |  650.9 MB | PBS_Generic-Postgen HBO Optimizations
--------------------+---------------------+--------------+--------------------+-----------+----------------------
 00:01:36(00:40:39) |  00:00:00(00:00:00) |   0.0(  0.0) |   15:32:48 (Jul16) |  650.9 MB | PBS_TechMap-Start
--------------------+---------------------+--------------+--------------------+-----------+----------------------
 00:01:36(00:40:39) |  00:00:00(00:00:00) |   0.0(  0.0) |   15:32:48 (Jul16) |  650.9 MB | PBS_TechMap-Premap HBO Optimizations
--------------------+---------------------+--------------+--------------------+-----------+----------------------
 00:02:28(00:41:30) |  00:00:52(00:00:51) |  76.9( 77.3) |   15:33:39 (Jul16) |  707.1 MB | PBS_Techmap-Global Mapping
--------------------+---------------------+--------------+--------------------+-----------+----------------------
Number of threads: 8 * 1   (id: pbs_debug, time_info v1.57)
Info: (*N*) indicates data that was populated from previously saved time_info database
Info: CPU time includes time of parent + longest thread
Info    : Command 'commit_power_intent' cannot proceed as there is no power intent loaded. [CPI-506]
        : Command 'commit_power_intent' requires a valid power_intent to be loaded.
Info    : Forcing flat compare. [CFM-212]
        : No hierarchies found in design.
Info    : Wrote formal verification information. [CFM-5]
        : Wrote 'fv/sram_64bit/fv_map.fv.json' for netlist 'fv/sram_64bit/fv_map.v.gz'.
Info    : Wrote dofile. [CFM-1]
        : Dofile is 'fv/sram_64bit/rtl_to_fv_map.do'.
        : Alias mapping flow is enabled.
PBS_TechMap-Datapath Postmap Operations - Elapsed_Time 2, CPU_Time 2.0
stamp 'PBS_TechMap-Datapath Postmap Operations' being created for table 'pbs_debug'

  Total Time (Wall) |  Stage Time (Wall)  |   % (Wall)   |    Date - Time     |  Memory   | Stage
--------------------+---------------------+--------------+--------------------+-----------+----------------------
 00:01:21(00:40:24) |  00:00:00(00:00:00) |   0.0(  0.0) |   15:32:33 (Jul16) |  351.9 MB | PBS_Generic-Start
--------------------+---------------------+--------------+--------------------+-----------+----------------------
 00:01:36(00:40:39) |  00:00:15(00:00:15) |  22.5( 22.1) |   15:32:48 (Jul16) |  650.9 MB | PBS_Generic_Opt-Post
--------------------+---------------------+--------------+--------------------+-----------+----------------------
 00:01:36(00:40:39) |  00:00:00(00:00:00) |   0.0(  0.0) |   15:32:48 (Jul16) |  650.9 MB | PBS_Generic-Postgen HBO Optimizations
--------------------+---------------------+--------------+--------------------+-----------+----------------------
 00:01:36(00:40:39) |  00:00:00(00:00:00) |   0.0(  0.0) |   15:32:48 (Jul16) |  650.9 MB | PBS_TechMap-Start
--------------------+---------------------+--------------+--------------------+-----------+----------------------
 00:01:36(00:40:39) |  00:00:00(00:00:00) |   0.0(  0.0) |   15:32:48 (Jul16) |  650.9 MB | PBS_TechMap-Premap HBO Optimizations
--------------------+---------------------+--------------+--------------------+-----------+----------------------
 00:02:28(00:41:30) |  00:00:52(00:00:51) |  74.7( 75.0) |   15:33:39 (Jul16) |  707.1 MB | PBS_Techmap-Global Mapping
--------------------+---------------------+--------------+--------------------+-----------+----------------------
 00:02:30(00:41:32) |  00:00:02(00:00:02) |   2.9(  2.9) |   15:33:41 (Jul16) |  707.1 MB | PBS_TechMap-Datapath Postmap Operations
--------------------+---------------------+--------------+--------------------+-----------+----------------------
Number of threads: 8 * 1   (id: pbs_debug, time_info v1.57)
Info: (*N*) indicates data that was populated from previously saved time_info database
Info: CPU time includes time of parent + longest thread
PBS_TechMap-Postmap HBO Optimizations - Elapsed_Time 0, CPU_Time -0.10548299999999244
stamp 'PBS_TechMap-Postmap HBO Optimizations' being created for table 'pbs_debug'

  Total Time (Wall) |  Stage Time (Wall)  |   % (Wall)   |    Date - Time     |  Memory   | Stage
--------------------+---------------------+--------------+--------------------+-----------+----------------------
 00:01:21(00:40:24) |  00:00:00(00:00:00) |   0.0(  0.0) |   15:32:33 (Jul16) |  351.9 MB | PBS_Generic-Start
--------------------+---------------------+--------------+--------------------+-----------+----------------------
 00:01:36(00:40:39) |  00:00:15(00:00:15) |  22.5( 22.1) |   15:32:48 (Jul16) |  650.9 MB | PBS_Generic_Opt-Post
--------------------+---------------------+--------------+--------------------+-----------+----------------------
 00:01:36(00:40:39) |  00:00:00(00:00:00) |   0.0(  0.0) |   15:32:48 (Jul16) |  650.9 MB | PBS_Generic-Postgen HBO Optimizations
--------------------+---------------------+--------------+--------------------+-----------+----------------------
 00:01:36(00:40:39) |  00:00:00(00:00:00) |   0.0(  0.0) |   15:32:48 (Jul16) |  650.9 MB | PBS_TechMap-Start
--------------------+---------------------+--------------+--------------------+-----------+----------------------
 00:01:36(00:40:39) |  00:00:00(00:00:00) |   0.0(  0.0) |   15:32:48 (Jul16) |  650.9 MB | PBS_TechMap-Premap HBO Optimizations
--------------------+---------------------+--------------+--------------------+-----------+----------------------
 00:02:28(00:41:30) |  00:00:52(00:00:51) |  74.8( 75.0) |   15:33:39 (Jul16) |  707.1 MB | PBS_Techmap-Global Mapping
--------------------+---------------------+--------------+--------------------+-----------+----------------------
 00:02:30(00:41:32) |  00:00:02(00:00:02) |   2.9(  2.9) |   15:33:41 (Jul16) |  707.1 MB | PBS_TechMap-Datapath Postmap Operations
--------------------+---------------------+--------------+--------------------+-----------+----------------------
 00:02:30(00:41:32) |  00:00:00(00:00:00) |  -0.2(  0.0) |   15:33:41 (Jul16) |  707.1 MB | PBS_TechMap-Postmap HBO Optimizations
--------------------+---------------------+--------------+--------------------+-----------+----------------------
Number of threads: 8 * 1   (id: pbs_debug, time_info v1.57)
Info: (*N*) indicates data that was populated from previously saved time_info database
Info: CPU time includes time of parent + longest thread
 Doing ConstProp on design:sram_64bit ... 

IOPT-REDREM: Performing redundancy removal: Detected 0 redundant wires. CPU time 0.011 seconds.

PBS_TechMap-Postmap Clock Gating - Elapsed_Time 0, CPU_Time 0.0
stamp 'PBS_TechMap-Postmap Clock Gating' being created for table 'pbs_debug'

  Total Time (Wall) |  Stage Time (Wall)  |   % (Wall)   |    Date - Time     |  Memory   | Stage
--------------------+---------------------+--------------+--------------------+-----------+----------------------
 00:01:21(00:40:24) |  00:00:00(00:00:00) |   0.0(  0.0) |   15:32:33 (Jul16) |  351.9 MB | PBS_Generic-Start
--------------------+---------------------+--------------+--------------------+-----------+----------------------
 00:01:36(00:40:39) |  00:00:15(00:00:15) |  22.5( 22.1) |   15:32:48 (Jul16) |  650.9 MB | PBS_Generic_Opt-Post
--------------------+---------------------+--------------+--------------------+-----------+----------------------
 00:01:36(00:40:39) |  00:00:00(00:00:00) |   0.0(  0.0) |   15:32:48 (Jul16) |  650.9 MB | PBS_Generic-Postgen HBO Optimizations
--------------------+---------------------+--------------+--------------------+-----------+----------------------
 00:01:36(00:40:39) |  00:00:00(00:00:00) |   0.0(  0.0) |   15:32:48 (Jul16) |  650.9 MB | PBS_TechMap-Start
--------------------+---------------------+--------------+--------------------+-----------+----------------------
 00:01:36(00:40:39) |  00:00:00(00:00:00) |   0.0(  0.0) |   15:32:48 (Jul16) |  650.9 MB | PBS_TechMap-Premap HBO Optimizations
--------------------+---------------------+--------------+--------------------+-----------+----------------------
 00:02:28(00:41:30) |  00:00:52(00:00:51) |  74.8( 75.0) |   15:33:39 (Jul16) |  707.1 MB | PBS_Techmap-Global Mapping
--------------------+---------------------+--------------+--------------------+-----------+----------------------
 00:02:30(00:41:32) |  00:00:02(00:00:02) |   2.9(  2.9) |   15:33:41 (Jul16) |  707.1 MB | PBS_TechMap-Datapath Postmap Operations
--------------------+---------------------+--------------+--------------------+-----------+----------------------
 00:02:30(00:41:32) |  00:00:00(00:00:00) |  -0.2(  0.0) |   15:33:41 (Jul16) |  707.1 MB | PBS_TechMap-Postmap HBO Optimizations
--------------------+---------------------+--------------+--------------------+-----------+----------------------
 00:02:30(00:41:32) |  00:00:00(00:00:00) |   0.0(  0.0) |   15:33:41 (Jul16) |  707.1 MB | PBS_TechMap-Postmap Clock Gating
--------------------+---------------------+--------------+--------------------+-----------+----------------------
Number of threads: 8 * 1   (id: pbs_debug, time_info v1.57)
Info: (*N*) indicates data that was populated from previously saved time_info database
Info: CPU time includes time of parent + longest thread
-------------------------------------------------------------------------------
 hi_fo_buf                110098        0         0         0     7327

           Trick     Calls     Accepts   Attempts    Time(secs) 
-----------------------------------------------------------
       hi_fo_buf         0  (        0 /        0 )  0.00

 
Incremental optimization status
===============================
                                   Group   
                                  Tot Wrst     Total - - DRC Totals - -
                           Total  Weighted      Neg       Max     Max  
Operation                   Area   Slacks      Slack      Cap   Fanout 
 init_delay               110098        0         0         0     7327

           Trick     Calls     Accepts   Attempts    Time(secs) 
-----------------------------------------------------------
       crit_upsz         0  (        0 /        0 )  0.00
    plc_bal_star         0  (        0 /        0 )  0.00
     drc_buftimb         0  (        0 /        0 )  0.00
          plc_st         0  (        0 /        0 )  0.00
    plc_st_fence         0  (        0 /        0 )  0.00
        plc_star         0  (        0 /        0 )  0.00
      plc_laf_st         0  (        0 /        0 )  0.00
 plc_laf_st_fence         0  (        0 /        0 )  0.00
     drc_buftims         0  (        0 /        0 )  0.00
            fopt         0  (        0 /        0 )  0.00
   plc_laf_lo_st         0  (        0 /        0 )  0.00
       plc_lo_st         0  (        0 /        0 )  0.00
        mb_split         0  (        0 /        0 )  0.00

 
Local TNS optimization status
=============================
                                   Group   
                                  Tot Wrst     Total - - DRC Totals - -
                           Total  Weighted      Neg       Max     Max  
Operation                   Area   Slacks      Slack      Cap   Fanout 
 init_tns                 110098        0         0         0     7327

           Trick     Calls     Accepts   Attempts    Time(secs) 
-----------------------------------------------------------
    plc_bal_star         0  (        0 /        0 )  0.00
     drc_buftimb         0  (        0 /        0 )  0.00
     drc_buftims         0  (        0 /        0 )  0.00
       crit_upsz         0  (        0 /        0 )  0.00
   plc_laf_lo_st         0  (        0 /        0 )  0.00
       plc_lo_st         0  (        0 /        0 )  0.00
            fopt         0  (        0 /        0 )  0.00
       crit_dnsz         0  (        0 /        0 )  0.00
             dup         0  (        0 /        0 )  0.00
        setup_dn         0  (        0 /        0 )  0.00
        mb_split         0  (        0 /        0 )  0.00

PBS_TechMap-Postmap Cleanup - Elapsed_Time 1, CPU_Time -0.10642599999999902
stamp 'PBS_TechMap-Postmap Cleanup' being created for table 'pbs_debug'

  Total Time (Wall) |  Stage Time (Wall)  |   % (Wall)   |    Date - Time     |  Memory   | Stage
--------------------+---------------------+--------------+--------------------+-----------+----------------------
 00:01:21(00:40:24) |  00:00:00(00:00:00) |   0.0(  0.0) |   15:32:33 (Jul16) |  351.9 MB | PBS_Generic-Start
--------------------+---------------------+--------------+--------------------+-----------+----------------------
 00:01:36(00:40:39) |  00:00:15(00:00:15) |  22.6( 21.7) |   15:32:48 (Jul16) |  650.9 MB | PBS_Generic_Opt-Post
--------------------+---------------------+--------------+--------------------+-----------+----------------------
 00:01:36(00:40:39) |  00:00:00(00:00:00) |   0.0(  0.0) |   15:32:48 (Jul16) |  650.9 MB | PBS_Generic-Postgen HBO Optimizations
--------------------+---------------------+--------------+--------------------+-----------+----------------------
 00:01:36(00:40:39) |  00:00:00(00:00:00) |   0.0(  0.0) |   15:32:48 (Jul16) |  650.9 MB | PBS_TechMap-Start
--------------------+---------------------+--------------+--------------------+-----------+----------------------
 00:01:36(00:40:39) |  00:00:00(00:00:00) |   0.0(  0.0) |   15:32:48 (Jul16) |  650.9 MB | PBS_TechMap-Premap HBO Optimizations
--------------------+---------------------+--------------+--------------------+-----------+----------------------
 00:02:28(00:41:30) |  00:00:52(00:00:51) |  74.9( 73.9) |   15:33:39 (Jul16) |  707.1 MB | PBS_Techmap-Global Mapping
--------------------+---------------------+--------------+--------------------+-----------+----------------------
 00:02:30(00:41:32) |  00:00:02(00:00:02) |   2.9(  2.9) |   15:33:41 (Jul16) |  707.1 MB | PBS_TechMap-Datapath Postmap Operations
--------------------+---------------------+--------------+--------------------+-----------+----------------------
 00:02:30(00:41:32) |  00:00:00(00:00:00) |  -0.2(  0.0) |   15:33:41 (Jul16) |  707.1 MB | PBS_TechMap-Postmap HBO Optimizations
--------------------+---------------------+--------------+--------------------+-----------+----------------------
 00:02:30(00:41:32) |  00:00:00(00:00:00) |   0.0(  0.0) |   15:33:41 (Jul16) |  707.1 MB | PBS_TechMap-Postmap Clock Gating
--------------------+---------------------+--------------+--------------------+-----------+----------------------
 00:02:30(00:41:33) |  00:00:00(00:00:01) |  -0.2(  1.4) |   15:33:42 (Jul16) |  685.3 MB | PBS_TechMap-Postmap Cleanup
--------------------+---------------------+--------------+--------------------+-----------+----------------------
Number of threads: 8 * 1   (id: pbs_debug, time_info v1.57)
Info: (*N*) indicates data that was populated from previously saved time_info database
Info: CPU time includes time of parent + longest thread
PBS_Techmap-Post_MBCI - Elapsed_Time 0, CPU_Time 0.0
stamp 'PBS_Techmap-Post_MBCI' being created for table 'pbs_debug'

  Total Time (Wall) |  Stage Time (Wall)  |   % (Wall)   |    Date - Time     |  Memory   | Stage
--------------------+---------------------+--------------+--------------------+-----------+----------------------
 00:01:21(00:40:24) |  00:00:00(00:00:00) |   0.0(  0.0) |   15:32:33 (Jul16) |  351.9 MB | PBS_Generic-Start
--------------------+---------------------+--------------+--------------------+-----------+----------------------
 00:01:36(00:40:39) |  00:00:15(00:00:15) |  22.6( 21.7) |   15:32:48 (Jul16) |  650.9 MB | PBS_Generic_Opt-Post
--------------------+---------------------+--------------+--------------------+-----------+----------------------
 00:01:36(00:40:39) |  00:00:00(00:00:00) |   0.0(  0.0) |   15:32:48 (Jul16) |  650.9 MB | PBS_Generic-Postgen HBO Optimizations
--------------------+---------------------+--------------+--------------------+-----------+----------------------
 00:01:36(00:40:39) |  00:00:00(00:00:00) |   0.0(  0.0) |   15:32:48 (Jul16) |  650.9 MB | PBS_TechMap-Start
--------------------+---------------------+--------------+--------------------+-----------+----------------------
 00:01:36(00:40:39) |  00:00:00(00:00:00) |   0.0(  0.0) |   15:32:48 (Jul16) |  650.9 MB | PBS_TechMap-Premap HBO Optimizations
--------------------+---------------------+--------------+--------------------+-----------+----------------------
 00:02:28(00:41:30) |  00:00:52(00:00:51) |  74.9( 73.9) |   15:33:39 (Jul16) |  707.1 MB | PBS_Techmap-Global Mapping
--------------------+---------------------+--------------+--------------------+-----------+----------------------
 00:02:30(00:41:32) |  00:00:02(00:00:02) |   2.9(  2.9) |   15:33:41 (Jul16) |  707.1 MB | PBS_TechMap-Datapath Postmap Operations
--------------------+---------------------+--------------+--------------------+-----------+----------------------
 00:02:30(00:41:32) |  00:00:00(00:00:00) |  -0.2(  0.0) |   15:33:41 (Jul16) |  707.1 MB | PBS_TechMap-Postmap HBO Optimizations
--------------------+---------------------+--------------+--------------------+-----------+----------------------
 00:02:30(00:41:32) |  00:00:00(00:00:00) |   0.0(  0.0) |   15:33:41 (Jul16) |  707.1 MB | PBS_TechMap-Postmap Clock Gating
--------------------+---------------------+--------------+--------------------+-----------+----------------------
 00:02:30(00:41:33) |  00:00:00(00:00:01) |  -0.2(  1.4) |   15:33:42 (Jul16) |  685.3 MB | PBS_TechMap-Postmap Cleanup
--------------------+---------------------+--------------+--------------------+-----------+----------------------
 00:02:30(00:41:33) |  00:00:00(00:00:00) |   0.0(  0.0) |   15:33:42 (Jul16) |  685.3 MB | PBS_Techmap-Post_MBCI
--------------------+---------------------+--------------+--------------------+-----------+----------------------
Number of threads: 8 * 1   (id: pbs_debug, time_info v1.57)
Info: (*N*) indicates data that was populated from previously saved time_info database
Info: CPU time includes time of parent + longest thread
##>=================== Cadence Confidential (Mapping-Logical) ===================
##>Main Thread Summary:
##>----------------------------------------------------------------------------------------
##>STEP                           Elapsed       WNS       TNS     Insts      Area    Memory
##>----------------------------------------------------------------------------------------
##>M:Initial                            0         -         -     12604    175501       650
##>M:Pre Cleanup                        0         -         -     12604    175501       650
##>M:Setup                              0         -         -         -         -         -
##>M:Launch ST                          0         -         -         -         -         -
##>M:Design Partition                   0         -         -         -         -         -
##>M:Create Partition Netlists          0         -         -         -         -         -
##>M:Init Power                         0         -         -         -         -         -
##>M:Budgeting                          0         -         -         -         -         -
##>M:Derenv-DB                          0         -         -         -         -         -
##>M:Debug Outputs                      0         -         -         -         -         -
##>M:ST loading                         0         -         -         -         -         -
##>M:Distributed                        0         -         -         -         -         -
##>M:Timer                              0         -         -         -         -         -
##>M:Assembly                           0         -         -         -         -         -
##>M:DFT                                0         -         -         -         -         -
##>M:DP Operations                      2         -         -      6037    110097       707
##>M:Const Prop                         0       693         0      6037    110097       707
##>M:Cleanup                            1       693         0      6037    110097       685
##>M:MBCI                               0         -         -      6037    110097       685
##>M:Const Gate Removal                 0         -         -         -         -         -
##>M:Misc                              51
##>----------------------------------------------------------------------------------------
##>Total Elapsed                       54
##>========================================================================================
Info    : Done mapping. [SYNTH-5]
        : Done mapping 'sram_64bit'.
      flow.cputime  flow.realtime  timing.setup.tns  timing.setup.wns  snapshot
UM:*                                                                   syn_map
@file(console.tcl) 11: set_db syn_opt_effort medium
  Setting attribute of root '/': 'syn_opt_effort' = medium
@file(console.tcl) 12: syn_opt
Info    : Incrementally optimizing. [SYNTH-7]
        : Incrementally optimizing 'sram_64bit' using 'medium' effort.
 
Incremental optimization status
===============================
                                   Group   
                                  Tot Wrst     Total - - DRC Totals - -
                           Total  Weighted      Neg       Max     Max  
Operation                   Area   Slacks      Slack      Cap   Fanout 
 init_iopt                110098        0         0         0     7327
IOPT-REDREM: Performing redundancy removal: Detected 0 redundant wires. CPU time 0.011 seconds.

-------------------------------------------------------------------------------
 const_prop               110098        0         0         0     7327
 
Incremental optimization status
===============================
                                   Group   
                                  Tot Wrst     Total - - DRC Totals - -
                           Total  Weighted      Neg       Max     Max  
Operation                   Area   Slacks      Slack      Cap   Fanout 
 init_delay               110098        0         0         0     7327

           Trick     Calls     Accepts   Attempts    Time(secs) 
-----------------------------------------------------------
       crit_upsz         0  (        0 /        0 )  0.00
    plc_bal_star         0  (        0 /        0 )  0.00
     drc_buftimb         0  (        0 /        0 )  0.00
          plc_st         0  (        0 /        0 )  0.00
    plc_st_fence         0  (        0 /        0 )  0.00
        plc_star         0  (        0 /        0 )  0.00
      plc_laf_st         0  (        0 /        0 )  0.00
 plc_laf_st_fence         0  (        0 /        0 )  0.00
     drc_buftims         0  (        0 /        0 )  0.00
   plc_laf_lo_st         0  (        0 /        0 )  0.00
       plc_lo_st         0  (        0 /        0 )  0.00
            fopt         0  (        0 /        0 )  0.00
       crit_dnsz         0  (        0 /        0 )  0.00
             dup         0  (        0 /        0 )  0.00
            fopt         0  (        0 /        0 )  0.00
        setup_dn         0  (        0 /        0 )  0.00
         buf2inv         0  (        0 /        0 )  0.00
        mb_split         0  (        0 /        0 )  0.00
             exp         0  (        0 /        0 )  0.00
       gate_deco         0  (        0 /        0 )  0.00
       gcomp_tim         0  (        0 /        0 )  0.00
  inv_pair_2_buf         0  (        0 /        0 )  0.00

 init_drc                 110098        0         0         0     7327

           Trick     Calls     Accepts   Attempts    Time(secs) 
-----------------------------------------------------------
          plc_st         0  (        0 /        0 )  0.00
        plc_star         0  (        0 /        0 )  0.00
        drc_bufs         0  (        0 /        0 )  0.00
        drc_fopt         0  (        0 /        0 )  0.00
        drc_bufb         0  (        0 /        0 )  0.00
      simple_buf         0  (        0 /        0 )  0.00
             dup         0  (        0 /        0 )  0.00
       crit_dnsz         0  (        0 /        0 )  0.00
       crit_upsz         0  (        0 /        0 )  0.00


           Trick     Calls     Accepts   Attempts    Time(secs) 
-----------------------------------------------------------
          plc_st         0  (        0 /        0 )  0.00
        plc_star         0  (        0 /        0 )  0.00
      drc_buf_sp         0  (        0 /        0 )  0.00
        drc_bufs         0  (        0 /        0 )  0.00
        drc_fopt         0  (        0 /        0 )  0.00
        drc_bufb         0  (        0 /        0 )  0.00
      simple_buf         0  (        0 /        0 )  0.00
             dup         0  (        0 /        0 )  0.00
       crit_dnsz         0  (        0 /        0 )  0.00
       crit_upsz         0  (        0 /        0 )  0.00

 incr_max_fo              118637        0         0         0        0

           Trick     Calls     Accepts   Attempts    Time(secs) 
-----------------------------------------------------------
          plc_st       193  (        0 /        0 )  0.00
        plc_star       193  (        0 /        0 )  0.00
      drc_buf_sp       386  (      193 /      193 )  1.21
        drc_bufs         0  (        0 /        0 )  0.00
        drc_fopt         0  (        0 /        0 )  0.00
        drc_bufb         0  (        0 /        0 )  0.00
             dup         0  (        0 /        0 )  0.00
       crit_dnsz         0  (        0 /        0 )  0.00
       crit_upsz         0  (        0 /        0 )  0.00

 init_tns                 118637        0         0         0        0

           Trick     Calls     Accepts   Attempts    Time(secs) 
-----------------------------------------------------------
    plc_bal_star         0  (        0 /        0 )  0.00
     drc_buftimb         0  (        0 /        0 )  0.00
     drc_buftims         0  (        0 /        0 )  0.00
       crit_upsz         0  (        0 /        0 )  0.00
   plc_laf_lo_st         0  (        0 /        0 )  0.00
       plc_lo_st         0  (        0 /        0 )  0.00
            fopt         0  (        0 /        0 )  0.00
       crit_dnsz         0  (        0 /        0 )  0.00
             dup         0  (        0 /        0 )  0.00
        setup_dn         0  (        0 /        0 )  0.00
         buf2inv         0  (        0 /        0 )  0.00
        mb_split         0  (        0 /        0 )  0.00

 init_area                118637        0         0         0        0
 rem_buf                  115467        0         0         0        0
 rem_inv                  115435        0         0         0        0
 merge_bi                 115419        0         0         0        0
 io_phase                 115406        0         0         0        0
 glob_area                113961        0         0         0        0
 area_down                112689        0         0         0        0
 rem_inv                  112687        0         0         0        0
 merge_bi                 112684        0         0         0        0

           Trick     Calls     Accepts   Attempts    Time(secs) 
-----------------------------------------------------------
           undup         0  (        0 /        0 )  0.00
         rem_buf       937  (      387 /      387 )  1.22
         rem_inv        45  (       12 /       12 )  0.23
        merge_bi       390  (        4 /        4 )  0.48
      rem_inv_qb         0  (        0 /        0 )  0.00
        io_phase        21  (       17 /       17 )  0.08
       gate_comp         0  (        0 /        0 )  0.10
       gcomp_mog         0  (        0 /        0 )  0.04
       glob_area        18  (       14 /       18 )  0.26
       area_down       163  (      147 /      147 )  1.18
      size_n_buf         4  (        0 /        0 )  0.09
  gate_deco_area         0  (        0 /        0 )  0.00
         rem_buf       549  (        0 /        0 )  0.48
         rem_inv        30  (        1 /        1 )  0.04
        merge_bi       383  (        1 /        1 )  0.48
      rem_inv_qb         0  (        0 /        0 )  0.00

 
Incremental optimization status
===============================
                                   Group   
                                  Tot Wrst     Total - - DRC Totals - -
                           Total  Weighted      Neg       Max     Max  
Operation                   Area   Slacks      Slack      Cap   Fanout 
 init_delay               112684        0         0         0        0

           Trick     Calls     Accepts   Attempts    Time(secs) 
-----------------------------------------------------------
       crit_upsz         0  (        0 /        0 )  0.00
    plc_bal_star         0  (        0 /        0 )  0.00
     drc_buftimb         0  (        0 /        0 )  0.00
          plc_st         0  (        0 /        0 )  0.00
    plc_st_fence         0  (        0 /        0 )  0.00
        plc_star         0  (        0 /        0 )  0.00
      plc_laf_st         0  (        0 /        0 )  0.00
 plc_laf_st_fence         0  (        0 /        0 )  0.00
     drc_buftims         0  (        0 /        0 )  0.00
   plc_laf_lo_st         0  (        0 /        0 )  0.00
       plc_lo_st         0  (        0 /        0 )  0.00
            fopt         0  (        0 /        0 )  0.00
       crit_dnsz         0  (        0 /        0 )  0.00
             dup         0  (        0 /        0 )  0.00
            fopt         0  (        0 /        0 )  0.00
        setup_dn         0  (        0 /        0 )  0.00
         buf2inv         0  (        0 /        0 )  0.00
        mb_split         0  (        0 /        0 )  0.00
             exp         0  (        0 /        0 )  0.00
       gate_deco         0  (        0 /        0 )  0.00
       gcomp_tim         0  (        0 /        0 )  0.00
  inv_pair_2_buf         0  (        0 /        0 )  0.00

 init_drc                 112684        0         0         0        0

           Trick     Calls     Accepts   Attempts    Time(secs) 
-----------------------------------------------------------
          plc_st         0  (        0 /        0 )  0.00
        plc_star         0  (        0 /        0 )  0.00
        drc_bufs         0  (        0 /        0 )  0.00
        drc_fopt         0  (        0 /        0 )  0.00
        drc_bufb         0  (        0 /        0 )  0.00
      simple_buf         0  (        0 /        0 )  0.00
             dup         0  (        0 /        0 )  0.00
       crit_dnsz         0  (        0 /        0 )  0.00
       crit_upsz         0  (        0 /        0 )  0.00


           Trick     Calls     Accepts   Attempts    Time(secs) 
-----------------------------------------------------------
          plc_st         0  (        0 /        0 )  0.00
        plc_star         0  (        0 /        0 )  0.00
        drc_bufs         0  (        0 /        0 )  0.00
        drc_fopt         0  (        0 /        0 )  0.00
        drc_bufb         0  (        0 /        0 )  0.00
      simple_buf         0  (        0 /        0 )  0.00
             dup         0  (        0 /        0 )  0.00
       crit_dnsz         0  (        0 /        0 )  0.00
       crit_upsz         0  (        0 /        0 )  0.00


           Trick     Calls     Accepts   Attempts    Time(secs) 
-----------------------------------------------------------
          plc_st         0  (        0 /        0 )  0.00
        plc_star         0  (        0 /        0 )  0.00
        drc_bufs         0  (        0 /        0 )  0.00
        drc_fopt         0  (        0 /        0 )  0.00
        drc_bufb         0  (        0 /        0 )  0.00
             dup         0  (        0 /        0 )  0.00
       crit_dnsz         0  (        0 /        0 )  0.00
       crit_upsz         0  (        0 /        0 )  0.00

 init_area                112684        0         0         0        0
 glob_area                112263        0         0         0        0
 area_down                112254        0         0         0        0

           Trick     Calls     Accepts   Attempts    Time(secs) 
-----------------------------------------------------------
           undup         0  (        0 /        0 )  0.00
         rem_buf       549  (        0 /        0 )  0.47
         rem_inv        29  (        0 /        0 )  0.03
        merge_bi       384  (        0 /        0 )  0.45
      rem_inv_qb         0  (        0 /        0 )  0.00
        io_phase         4  (        0 /        0 )  0.01
       gate_comp         0  (        0 /        0 )  0.09
       gcomp_mog         0  (        0 /        0 )  0.04
       glob_area        17  (       12 /       17 )  0.12
       area_down        18  (        2 /        2 )  0.09
      size_n_buf         0  (        0 /        0 )  0.05
  gate_deco_area         0  (        0 /        0 )  0.00

==================================
Stage : incr_opt 
==================================
  =================
   Message Summary
  =================
--------------------------------------------------------------------------------
|   Id    |Sev  |Count |                     Message Text                      |
--------------------------------------------------------------------------------
| CFM-1   |Info |    1 |Wrote dofile.                                          |
| CFM-5   |Info |    1 |Wrote formal verification information.                 |
| CFM-212 |Info |    1 |Forcing flat compare.                                  |
| CPI-506 |Info |    1 |Command 'commit_power_intent' cannot proceed as there  |
|         |     |      | is no power intent loaded.                            |
| PA-7    |Info |    4 |Resetting power analysis results.                      |
|         |     |      |All computed switching activities are removed.         |
| SYNTH-5 |Info |    1 |Done mapping.                                          |
| SYNTH-7 |Info |    1 |Incrementally optimizing.                              |
--------------------------------------------------------------------------------
Info    : Done incrementally optimizing. [SYNTH-8]
        : Done incrementally optimizing 'sram_64bit'.
      flow.cputime  flow.realtime  timing.setup.tns  timing.setup.wns  snapshot
UM:*                                                                   syn_opt
@file(console.tcl) 13: write_hdl > 64_bit_SRAM_netlist.v
@file(console.tcl) 14: write_sdc > 64_bit_SRAM_block.sdc
Finished SDC export (command execution time mm:ss (real) = 00:00).
@file(console.tcl) 15: report_area > 64_bit_SRAM_area.rep
@file(console.tcl) 16: report_gates > 64_bit_SRAM_gate.rep
@file(console.tcl) 17: report_power > 64_bit_SRAM_power.rep
Info    : Joules engine is used. [RPT-16]
        : Joules engine is being used for the command report_power.
Info   : ACTP-0001 [ACTPInfo] Activity propagation started for stim#0 netlist
       : sram_64bit
Info   : ACTP-0009 [ACTPInfo] Activity Propagation Progress Report :   0%   1%   2%   3%   4%   5%   6%   7%   8%   9%  10%  11%  12%  13%  14%  15%  16%  17%  18%  19%  20%  21%  22%  23%  24%  25%  26%  27%  28%  29%  30%  31%  32%  33%  34%  35%  36%  37%  38%  39%  40%  41%  42%  43%  44%  45%  46%  47%  48%  49%  50%  51%  52%  53%  54%  55%  56%  57%  58%  59%  60%  61%  62%  63%  64%  65%  66%  67%  68%  69%  70%  71%  72%  73%  74%  75%  76%  77%  78%  79%  80%  81%  82%  83%  84%  85%  86%  87%  88%  89%  90%  91%  92%  93%  94%  95%  96%  97%  98%  99% 100%
Info   : ACTP-0001 Activity propagation ended for stim#0
Info   : PWRA-0001 [PwrInfo] compute_power effective options 
       : -mode : vectorless
       : -skip_propagation : 1
       : -frequency_scaling_factor : 1.0
       : -use_clock_freq : stim
       : -stim :/stim#0
       : -fromGenus : 1
Info   : ACTP-0001 Timing initialization started
Info   : ACTP-0001 Timing initialization ended
Info   : PWRA-0002 [PwrInfo] Skipping activity propagation due to -skip_ap
       : option....
Warning: PWRA-0302 [PwrWarn] Frequency scaling is not applicable for vectorless
       : flow. Ignoring frequency scaling.
Warning: PWRA-0304 [PwrWarn] -stim option is not applicable with vectorless mode
       : of power analysis, ignored this option.
Info   : PWRA-0002 Started 'vectorless' power computation.
Info   : PWRA-0009 [PwrInfo] Power Computation Progress Report :  15%  30%  46%  61%  76% 100%
Info   : PWRA-0002 Finished power computation.
Info   : PWRA-0007 [PwrInfo] Completed successfully.
       : Info=6, Warn=2, Error=0, Fatal=0
Output file: 64_bit_SRAM_power.rep
@file(console.tcl) 18: report_timing > 64_bit_SRAM_timing.rep
@file(console.tcl) 19: gui_show
#@ End verbose source ./console.tcl
@genus:root: 2> exit
Normal exit.